<?xml version="1.0" encoding="UTF-8"?>
<!-- Generated by org.testng.reporters.JUnitReportReporter -->
<testsuite hostname="DESKTOP-G0V8S5A" failures="0" tests="12" name="scode.ECommerceTesting.Tests.ForgotPasswordPageTest" time="41.576" errors="0" timestamp="2024-08-28T15:21:54 IST" skipped="0">
  <testcase classname="scode.ECommerceTesting.Tests.ForgotPasswordPageTest" name="changePassword" time="9.270"/>
  <testcase classname="scode.ECommerceTesting.Tests.ForgotPasswordPageTest" name="emptyEmail" time="3.191"/>
  <testcase classname="scode.ECommerceTesting.Tests.ForgotPasswordPageTest" name="invalidEmail" time="2.170"/>
  <testcase classname="scode.ECommerceTesting.Tests.ForgotPasswordPageTest" name="emptyPassword" time="3.044"/>
  <testcase classname="scode.ECommerceTesting.Tests.ForgotPasswordPageTest" name="emptyFileds" time="2.884"/>
  <testcase classname="scode.ECommerceTesting.Tests.ForgotPasswordPageTest" name="loginWithOldPassword" time="3.427"/>
  <testcase classname="scode.ECommerceTesting.Tests.ForgotPasswordPageTest" name="passwordMismatch" time="2.167"/>
  <testcase classname="scode.ECommerceTesting.Tests.ForgotPasswordPageTest" name="gotoLogin" time="3.447"/>
  <testcase classname="scode.ECommerceTesting.Tests.ForgotPasswordPageTest" name="emptyConfirmPassword" time="3.406"/>
  <testcase classname="scode.ECommerceTesting.Tests.ForgotPasswordPageTest" name="gotoRegister" time="2.092"/>
  <testcase classname="scode.ECommerceTesting.Tests.ForgotPasswordPageTest" name="visitPage" time="2.717"/>
  <testcase classname="scode.ECommerceTesting.Tests.ForgotPasswordPageTest" name="notAUser" time="3.761"/>
</testsuite> <!-- scode.ECommerceTesting.Tests.ForgotPasswordPageTest -->
