<?xml version="1.0" encoding="UTF-8"?>
<!-- Generated by org.testng.reporters.JUnitReportReporter -->
<testsuite hostname="DESKTOP-G0V8S5A" failures="0" tests="12" name="scode.ECommerceTesting.Tests.ForgotPasswordPageTest" time="38.050" errors="0" timestamp="2024-08-27T12:40:29 IST" skipped="0">
  <testcase classname="scode.ECommerceTesting.Tests.ForgotPasswordPageTest" name="notAUser" time="4.106"/>
  <testcase classname="scode.ECommerceTesting.Tests.ForgotPasswordPageTest" name="emptyConfirmPassword" time="2.881"/>
  <testcase classname="scode.ECommerceTesting.Tests.ForgotPasswordPageTest" name="gotoRegister" time="3.063"/>
  <testcase classname="scode.ECommerceTesting.Tests.ForgotPasswordPageTest" name="visitPage" time="2.902"/>
  <testcase classname="scode.ECommerceTesting.Tests.ForgotPasswordPageTest" name="emptyFileds" time="2.957"/>
  <testcase classname="scode.ECommerceTesting.Tests.ForgotPasswordPageTest" name="gotoLogin" time="1.869"/>
  <testcase classname="scode.ECommerceTesting.Tests.ForgotPasswordPageTest" name="invalidEmail" time="1.543"/>
  <testcase classname="scode.ECommerceTesting.Tests.ForgotPasswordPageTest" name="emptyPassword" time="2.885"/>
  <testcase classname="scode.ECommerceTesting.Tests.ForgotPasswordPageTest" name="changePassword" time="7.986"/>
  <testcase classname="scode.ECommerceTesting.Tests.ForgotPasswordPageTest" name="emptyEmail" time="2.834"/>
  <testcase classname="scode.ECommerceTesting.Tests.ForgotPasswordPageTest" name="passwordMismatch" time="1.918"/>
  <testcase classname="scode.ECommerceTesting.Tests.ForgotPasswordPageTest" name="loginWithOldPassword" time="3.106"/>
</testsuite> <!-- scode.ECommerceTesting.Tests.ForgotPasswordPageTest -->
