<?xml version="1.0" encoding="UTF-8"?>
<!-- Generated by org.testng.reporters.JUnitReportReporter -->
<testsuite hostname="DESKTOP-G0V8S5A" failures="0" tests="18" name="scode.ECommerceTesting.Tests.RegisterPageTest" time="100.145" errors="0" timestamp="2024-08-29T09:47:45 IST" skipped="0">
  <testcase classname="scode.ECommerceTesting.Tests.RegisterPageTest" name="numericPassword" time="4.361"/>
  <testcase classname="scode.ECommerceTesting.Tests.RegisterPageTest" name="emptyLastName" time="4.770"/>
  <testcase classname="scode.ECommerceTesting.Tests.RegisterPageTest" name="passwordwithNoDigits" time="6.137"/>
  <testcase classname="scode.ECommerceTesting.Tests.RegisterPageTest" name="invalidPhNo" time="4.777"/>
  <testcase classname="scode.ECommerceTesting.Tests.RegisterPageTest" name="passwordwithNoSmall" time="5.101"/>
  <testcase classname="scode.ECommerceTesting.Tests.RegisterPageTest" name="duplicateEmail" time="4.790"/>
  <testcase classname="scode.ECommerceTesting.Tests.RegisterPageTest" name="gotoLogin" time="8.650"/>
  <testcase classname="scode.ECommerceTesting.Tests.RegisterPageTest" name="phnoWithMorethanTen" time="4.996"/>
  <testcase classname="scode.ECommerceTesting.Tests.RegisterPageTest" name="register" time="14.456"/>
  <testcase classname="scode.ECommerceTesting.Tests.RegisterPageTest" name="passwordLength" time="4.718"/>
  <testcase classname="scode.ECommerceTesting.Tests.RegisterPageTest" name="invalidEmailFormat" time="5.304"/>
  <testcase classname="scode.ECommerceTesting.Tests.RegisterPageTest" name="passwordwithNoCaps" time="3.113"/>
  <testcase classname="scode.ECommerceTesting.Tests.RegisterPageTest" name="phnoWithChars" time="6.845"/>
  <testcase classname="scode.ECommerceTesting.Tests.RegisterPageTest" name="passwordMismatch" time="3.396"/>
  <testcase classname="scode.ECommerceTesting.Tests.RegisterPageTest" name="phnoWithLessthanTen" time="5.203"/>
  <testcase classname="scode.ECommerceTesting.Tests.RegisterPageTest" name="registerPageVisting" time="3.386"/>
  <testcase classname="scode.ECommerceTesting.Tests.RegisterPageTest" name="emptyData" time="5.613"/>
  <testcase classname="scode.ECommerceTesting.Tests.RegisterPageTest" name="invalidEmail" time="4.529"/>
</testsuite> <!-- scode.ECommerceTesting.Tests.RegisterPageTest -->
