<?xml version="1.0" encoding="UTF-8"?>
<!-- Generated by org.testng.reporters.JUnitReportReporter -->
<testsuite hostname="DESKTOP-G0V8S5A" failures="0" tests="1" name="scode.ECommerceTesting.Tests.LoginPageTest" time="2.678" errors="0" timestamp="2024-08-27T12:58:09 IST" skipped="0">
  <testcase classname="scode.ECommerceTesting.Tests.LoginPageTest" name="invalidEmail" time="2.678"/>
</testsuite> <!-- scode.ECommerceTesting.Tests.LoginPageTest -->
