<?xml version="1.0" encoding="UTF-8"?>
<!-- Generated by org.testng.reporters.JUnitReportReporter -->
<testsuite hostname="DESKTOP-G0V8S5A" failures="0" tests="1" name="scode.ECommerceTesting.Tests.RegisterPageTest" time="8.285" errors="0" timestamp="2024-08-28T15:21:05 IST" skipped="0">
  <testcase classname="scode.ECommerceTesting.Tests.RegisterPageTest" name="gotoLogin" time="8.285"/>
</testsuite> <!-- scode.ECommerceTesting.Tests.RegisterPageTest -->
