<?xml version="1.0" encoding="UTF-8"?>
<!-- Generated by org.testng.reporters.JUnitReportReporter -->
<testsuite hostname="DESKTOP-G0V8S5A" failures="0" tests="1" name="scode.ECommerceTesting.Tests.SubmitOrder" time="4.707" errors="0" timestamp="2024-08-26T19:28:01 IST" skipped="0">
  <testcase classname="scode.ECommerceTesting.Tests.SubmitOrder" name="loginValidation" time="4.707"/>
</testsuite> <!-- scode.ECommerceTesting.Tests.SubmitOrder -->
