<?xml version="1.0" encoding="UTF-8"?>
<!-- Generated by org.testng.reporters.JUnitReportReporter -->
<testsuite hostname="DESKTOP-G0V8S5A" failures="0" tests="12" name="scode.ECommerceTesting.Tests.ForgotPasswordPageTest" time="52.699" errors="0" timestamp="2024-08-29T09:39:38 IST" skipped="0">
  <testcase classname="scode.ECommerceTesting.Tests.ForgotPasswordPageTest" name="gotoLogin" time="2.428"/>
  <testcase classname="scode.ECommerceTesting.Tests.ForgotPasswordPageTest" name="changePassword" time="9.901"/>
  <testcase classname="scode.ECommerceTesting.Tests.ForgotPasswordPageTest" name="emptyConfirmPassword" time="3.768"/>
  <testcase classname="scode.ECommerceTesting.Tests.ForgotPasswordPageTest" name="emptyPassword" time="3.584"/>
  <testcase classname="scode.ECommerceTesting.Tests.ForgotPasswordPageTest" name="invalidEmail" time="3.592"/>
  <testcase classname="scode.ECommerceTesting.Tests.ForgotPasswordPageTest" name="loginWithOldPassword" time="3.748"/>
  <testcase classname="scode.ECommerceTesting.Tests.ForgotPasswordPageTest" name="emptyEmail" time="3.813"/>
  <testcase classname="scode.ECommerceTesting.Tests.ForgotPasswordPageTest" name="gotoRegister" time="4.188"/>
  <testcase classname="scode.ECommerceTesting.Tests.ForgotPasswordPageTest" name="passwordMismatch" time="5.524"/>
  <testcase classname="scode.ECommerceTesting.Tests.ForgotPasswordPageTest" name="visitPage" time="3.451"/>
  <testcase classname="scode.ECommerceTesting.Tests.ForgotPasswordPageTest" name="notAUser" time="5.024"/>
  <testcase classname="scode.ECommerceTesting.Tests.ForgotPasswordPageTest" name="emptyFileds" time="3.678"/>
</testsuite> <!-- scode.ECommerceTesting.Tests.ForgotPasswordPageTest -->
