<?xml version="1.0" encoding="UTF-8"?>
<!-- Generated by org.testng.reporters.JUnitReportReporter -->
<testsuite hostname="DESKTOP-G0V8S5A" failures="0" tests="5" name="scode.ECommerceTesting.Tests.LoginPageTest" time="18.487" errors="0" timestamp="2024-08-26T20:15:22 IST" skipped="0">
  <testcase classname="scode.ECommerceTesting.Tests.LoginPageTest" name="loginValidation" time="3.798"/>
  <testcase classname="scode.ECommerceTesting.Tests.LoginPageTest" name="incorrecCredentials" time="4.214"/>
  <testcase classname="scode.ECommerceTesting.Tests.LoginPageTest" name="emptyEmailAndPassword" time="3.502"/>
  <testcase classname="scode.ECommerceTesting.Tests.LoginPageTest" name="emptyEmail" time="3.476"/>
  <testcase classname="scode.ECommerceTesting.Tests.LoginPageTest" name="emptyPassword" time="3.497"/>
</testsuite> <!-- scode.ECommerceTesting.Tests.LoginPageTest -->
