<?xml version="1.0" encoding="UTF-8"?>
<!-- Generated by org.testng.reporters.JUnitReportReporter -->
<testsuite hostname="DESKTOP-G0V8S5A" failures="0" tests="6" name="scode.ECommerceTesting.Tests.LoginPageTest" time="16.799" errors="0" timestamp="2024-08-28T15:21:54 IST" skipped="0">
  <testcase classname="scode.ECommerceTesting.Tests.LoginPageTest" name="incorrecCredentials" time="3.064"/>
  <testcase classname="scode.ECommerceTesting.Tests.LoginPageTest" name="emptyEmailAndPassword" time="2.006"/>
  <testcase classname="scode.ECommerceTesting.Tests.LoginPageTest" name="loginValidation" time="3.380"/>
  <testcase classname="scode.ECommerceTesting.Tests.LoginPageTest" name="emptyEmail" time="3.340"/>
  <testcase classname="scode.ECommerceTesting.Tests.LoginPageTest" name="invalidEmail" time="2.971"/>
  <testcase classname="scode.ECommerceTesting.Tests.LoginPageTest" name="emptyPassword" time="2.038"/>
</testsuite> <!-- scode.ECommerceTesting.Tests.LoginPageTest -->
