<?xml version="1.0" encoding="UTF-8"?>
<!-- Generated by org.testng.reporters.JUnitReportReporter -->
<testsuite hostname="DESKTOP-G0V8S5A" failures="0" tests="6" name="scode.ECommerceTesting.Tests.LoginPageTest" time="24.038" errors="0" timestamp="2024-08-29T09:39:38 IST" skipped="0">
  <testcase classname="scode.ECommerceTesting.Tests.LoginPageTest" name="emptyEmail" time="3.578"/>
  <testcase classname="scode.ECommerceTesting.Tests.LoginPageTest" name="emptyEmailAndPassword" time="4.338"/>
  <testcase classname="scode.ECommerceTesting.Tests.LoginPageTest" name="loginValidation" time="3.708"/>
  <testcase classname="scode.ECommerceTesting.Tests.LoginPageTest" name="incorrecCredentials" time="3.683"/>
  <testcase classname="scode.ECommerceTesting.Tests.LoginPageTest" name="invalidEmail" time="3.534"/>
  <testcase classname="scode.ECommerceTesting.Tests.LoginPageTest" name="emptyPassword" time="5.197"/>
</testsuite> <!-- scode.ECommerceTesting.Tests.LoginPageTest -->
