<?xml version="1.0" encoding="UTF-8"?>
<!-- Generated by org.testng.reporters.JUnitReportReporter -->
<testsuite hostname="DESKTOP-G0V8S5A" failures="0" tests="5" name="scode.ECommerceTesting.Tests.ProductsPageTest" time="68.187" errors="0" timestamp="2024-08-29T12:08:35 IST" skipped="0">
  <testcase classname="scode.ECommerceTesting.Tests.ProductsPageTest" name="filterCategories" time="19.966"/>
  <testcase classname="scode.ECommerceTesting.Tests.ProductsPageTest" name="validateProducts" time="7.954"/>
  <testcase classname="scode.ECommerceTesting.Tests.ProductsPageTest" name="logout" time="5.297"/>
  <testcase classname="scode.ECommerceTesting.Tests.ProductsPageTest" name="validateBlinkText" time="5.464"/>
  <testcase classname="scode.ECommerceTesting.Tests.ProductsPageTest" name="searchForProduct" time="29.506"/>
</testsuite> <!-- scode.ECommerceTesting.Tests.ProductsPageTest -->
