<?xml version="1.0" encoding="UTF-8"?>
<!-- Generated by org.testng.reporters.JUnitReportReporter -->
<testsuite hostname="DESKTOP-G0V8S5A" failures="0" tests="12" name="scode.ECommerceTesting.Tests.ForgotPasswordPageTest" time="54.916" errors="0" timestamp="2024-08-27T13:19:07 IST" skipped="0">
  <testcase classname="scode.ECommerceTesting.Tests.ForgotPasswordPageTest" name="visitPage" time="4.018"/>
  <testcase classname="scode.ECommerceTesting.Tests.ForgotPasswordPageTest" name="changePassword" time="10.102"/>
  <testcase classname="scode.ECommerceTesting.Tests.ForgotPasswordPageTest" name="gotoRegister" time="2.326"/>
  <testcase classname="scode.ECommerceTesting.Tests.ForgotPasswordPageTest" name="notAUser" time="4.630"/>
  <testcase classname="scode.ECommerceTesting.Tests.ForgotPasswordPageTest" name="emptyEmail" time="5.041"/>
  <testcase classname="scode.ECommerceTesting.Tests.ForgotPasswordPageTest" name="gotoLogin" time="3.468"/>
  <testcase classname="scode.ECommerceTesting.Tests.ForgotPasswordPageTest" name="loginWithOldPassword" time="4.100"/>
  <testcase classname="scode.ECommerceTesting.Tests.ForgotPasswordPageTest" name="emptyFileds" time="3.764"/>
  <testcase classname="scode.ECommerceTesting.Tests.ForgotPasswordPageTest" name="emptyConfirmPassword" time="4.055"/>
  <testcase classname="scode.ECommerceTesting.Tests.ForgotPasswordPageTest" name="emptyPassword" time="5.824"/>
  <testcase classname="scode.ECommerceTesting.Tests.ForgotPasswordPageTest" name="invalidEmail" time="4.946"/>
  <testcase classname="scode.ECommerceTesting.Tests.ForgotPasswordPageTest" name="passwordMismatch" time="2.642"/>
</testsuite> <!-- scode.ECommerceTesting.Tests.ForgotPasswordPageTest -->
